This is pdfTeX, Version 3.14159265-2.6-1.40.18 (TeX Live 2017/Debian) (preloaded format=pdflatex 2018.10.16)  6 JAN 2020 23:51
entering extended mode
 restricted \write18 enabled.
 %&-line parsing enabled.
**Rapport_ML_projet.tex
(./Rapport_ML_projet.tex
LaTeX2e <2017-04-15>
Babel <3.18> and hyphenation patterns for 84 language(s) loaded.
(/usr/share/texlive/texmf-dist/tex/latex/base/article.cls
Document Class: article 2014/09/29 v1.4h Standard LaTeX document class
(/usr/share/texlive/texmf-dist/tex/latex/base/size10.clo
File: size10.clo 2014/09/29 v1.4h Standard LaTeX file (size option)
)
\c@part=\count79
\c@section=\count80
\c@subsection=\count81
\c@subsubsection=\count82
\c@paragraph=\count83
\c@subparagraph=\count84
\c@figure=\count85
\c@table=\count86
\abovecaptionskip=\skip41
\belowcaptionskip=\skip42
\bibindent=\dimen102
)
(/usr/share/texlive/texmf-dist/tex/generic/babel/babel.sty
Package: babel 2018/02/14 3.18 The Babel package

(/usr/share/texlive/texmf-dist/tex/generic/babel/switch.def
File: switch.def 2018/02/14 3.18 Babel switching mechanism
)
(/usr/share/texlive/texmf-dist/tex/generic/babel-french/french.ldf
Language: french 2018/02/04 v3.4b French support from the babel system

(/usr/share/texlive/texmf-dist/tex/generic/babel/babel.def
File: babel.def 2018/02/14 3.18 Babel common definitions
\babel@savecnt=\count87
\U@D=\dimen103

(/usr/share/texlive/texmf-dist/tex/generic/babel/txtbabel.def)
\bbl@dirlevel=\count88
)
\l@acadian = a dialect from \language\l@french 
\FB@nonchar=\count89
Package babel Info: Making : an active character on input line 411.
Package babel Info: Making ; an active character on input line 412.
Package babel Info: Making ! an active character on input line 413.
Package babel Info: Making ? an active character on input line 414.
\FBguill@level=\count90
\FB@everypar=\toks14
\FB@Mht=\dimen104
\mc@charclass=\count91
\mc@charfam=\count92
\mc@charslot=\count93
\std@mcc=\count94
\dec@mcc=\count95
\c@FBcaption@count=\count96
\listindentFB=\skip43
\descindentFB=\skip44
\labelwidthFB=\skip45
\leftmarginFB=\skip46
\parindentFFN=\dimen105
\FBfnindent=\skip47
))
(/usr/share/texlive/texmf-dist/tex/latex/carlisle/scalefnt.sty)
(/usr/share/texlive/texmf-dist/tex/latex/graphics/keyval.sty
Package: keyval 2014/10/28 v1.15 key=value parser (DPC)
\KV@toks@=\toks15
)
(/usr/share/texlive/texmf-dist/tex/latex/base/inputenc.sty
Package: inputenc 2015/03/17 v1.2c Input encoding file
\inpenc@prehook=\toks16
\inpenc@posthook=\toks17

(/usr/share/texlive/texmf-dist/tex/latex/ucs/utf8x.def
File: utf8x.def 2004/10/17 UCS: Input encoding UTF-8
))
(/usr/share/texlive/texmf-dist/tex/latex/ucs/ucs.sty
Package: ucs 2013/05/11 v2.2 UCS: Unicode input support

(/usr/share/texlive/texmf-dist/tex/latex/ucs/data/uni-global.def
File: uni-global.def 2013/05/13 UCS: Unicode global data
)
\uc@secondtry=\count97
\uc@combtoks=\toks18
\uc@combtoksb=\toks19
\uc@temptokena=\toks20
)
(/usr/share/texlive/texmf-dist/tex/latex/base/fontenc.sty
Package: fontenc 2017/04/05 v2.0i Standard LaTeX package

(/usr/share/texlive/texmf-dist/tex/latex/base/t1enc.def
File: t1enc.def 2017/04/05 v2.0i Standard LaTeX file
LaTeX Font Info:    Redeclaring font encoding T1 on input line 48.
))
(/usr/share/texlive/texmf-dist/tex/latex/geometry/geometry.sty
Package: geometry 2010/09/12 v5.6 Page Geometry

(/usr/share/texlive/texmf-dist/tex/generic/oberdiek/ifpdf.sty
Package: ifpdf 2017/03/15 v3.2 Provides the ifpdf switch
)
(/usr/share/texlive/texmf-dist/tex/generic/oberdiek/ifvtex.sty
Package: ifvtex 2016/05/16 v1.6 Detect VTeX and its facilities (HO)
Package ifvtex Info: VTeX not detected.
)
(/usr/share/texlive/texmf-dist/tex/generic/ifxetex/ifxetex.sty
Package: ifxetex 2010/09/12 v0.6 Provides ifxetex conditional
)
\Gm@cnth=\count98
\Gm@cntv=\count99
\c@Gm@tempcnt=\count100
\Gm@bindingoffset=\dimen106
\Gm@wd@mp=\dimen107
\Gm@odd@mp=\dimen108
\Gm@even@mp=\dimen109
\Gm@layoutwidth=\dimen110
\Gm@layoutheight=\dimen111
\Gm@layouthoffset=\dimen112
\Gm@layoutvoffset=\dimen113
\Gm@dimlist=\toks21
)
(/usr/share/texlive/texmf-dist/tex/latex/float/float.sty
Package: float 2001/11/08 v1.3d Float enhancements (AL)
\c@float@type=\count101
\float@exts=\toks22
\float@box=\box26
\@float@everytoks=\toks23
\@floatcapt=\box27
)
(/usr/share/texlive/texmf-dist/tex/latex/amsmath/amsmath.sty
Package: amsmath 2017/09/02 v2.17a AMS math features
\@mathmargin=\skip48

For additional information on amsmath, use the `?' option.
(/usr/share/texlive/texmf-dist/tex/latex/amsmath/amstext.sty
Package: amstext 2000/06/29 v2.01 AMS text

(/usr/share/texlive/texmf-dist/tex/latex/amsmath/amsgen.sty
File: amsgen.sty 1999/11/30 v2.0 generic functions
\@emptytoks=\toks24
\ex@=\dimen114
))
(/usr/share/texlive/texmf-dist/tex/latex/amsmath/amsbsy.sty
Package: amsbsy 1999/11/29 v1.2d Bold Symbols
\pmbraise@=\dimen115
)
(/usr/share/texlive/texmf-dist/tex/latex/amsmath/amsopn.sty
Package: amsopn 2016/03/08 v2.02 operator names
)
\inf@bad=\count102
LaTeX Info: Redefining \frac on input line 213.
\uproot@=\count103
\leftroot@=\count104
LaTeX Info: Redefining \overline on input line 375.
\classnum@=\count105
\DOTSCASE@=\count106
LaTeX Info: Redefining \ldots on input line 472.
LaTeX Info: Redefining \dots on input line 475.
LaTeX Info: Redefining \cdots on input line 596.
\Mathstrutbox@=\box28
\strutbox@=\box29
\big@size=\dimen116
LaTeX Font Info:    Redeclaring font encoding OML on input line 712.
LaTeX Font Info:    Redeclaring font encoding OMS on input line 713.
\macc@depth=\count107
\c@MaxMatrixCols=\count108
\dotsspace@=\muskip10
\c@parentequation=\count109
\dspbrk@lvl=\count110
\tag@help=\toks25
\row@=\count111
\column@=\count112
\maxfields@=\count113
\andhelp@=\toks26
\eqnshift@=\dimen117
\alignsep@=\dimen118
\tagshift@=\dimen119
\tagwidth@=\dimen120
\totwidth@=\dimen121
\lineht@=\dimen122
\@envbody=\toks27
\multlinegap=\skip49
\multlinetaggap=\skip50
\mathdisplay@stack=\toks28
LaTeX Info: Redefining \[ on input line 2817.
LaTeX Info: Redefining \] on input line 2818.
)
(/usr/share/texlive/texmf-dist/tex/latex/amscls/amsthm.sty
Package: amsthm 2017/10/31 v2.20.4
\thm@style=\toks29
\thm@bodyfont=\toks30
\thm@headfont=\toks31
\thm@notefont=\toks32
\thm@headpunct=\toks33
\thm@preskip=\skip51
\thm@postskip=\skip52
\thm@headsep=\skip53
\dth@everypar=\toks34
)
(/usr/share/texlive/texmf-dist/tex/latex/amsfonts/amssymb.sty
Package: amssymb 2013/01/14 v3.01 AMS font symbols

(/usr/share/texlive/texmf-dist/tex/latex/amsfonts/amsfonts.sty
Package: amsfonts 2013/01/14 v3.01 Basic AMSFonts support
\symAMSa=\mathgroup4
\symAMSb=\mathgroup5
LaTeX Font Info:    Overwriting math alphabet `\mathfrak' in version `bold'
(Font)                  U/euf/m/n --> U/euf/b/n on input line 106.
))
(/usr/share/texlive/texmf-dist/tex/latex/graphics/color.sty
Package: color 2016/07/10 v1.1e Standard LaTeX Color (DPC)

(/usr/share/texlive/texmf-dist/tex/latex/graphics-cfg/color.cfg
File: color.cfg 2016/01/02 v1.6 sample color configuration
)
Package color Info: Driver file: pdftex.def on input line 147.

(/usr/share/texlive/texmf-dist/tex/latex/graphics-def/pdftex.def
File: pdftex.def 2018/01/08 v1.0l Graphics/color driver for pdftex
))
(/usr/share/texlive/texmf-dist/tex/latex/mathtools/empheq.sty
Package: empheq 2017/03/31 v2.15 Emphasizing equations

(/usr/share/texlive/texmf-dist/tex/latex/mathtools/mhsetup.sty
Package: mhsetup 2017/03/31 v1.3 programming setup (MH)
)
(/usr/share/texlive/texmf-dist/tex/latex/mathtools/mathtools.sty
Package: mathtools 2018/01/08 v1.21 mathematical typesetting tools

(/usr/share/texlive/texmf-dist/tex/latex/tools/calc.sty
Package: calc 2014/10/28 v4.3 Infix arithmetic (KKT,FJ)
\calc@Acount=\count114
\calc@Bcount=\count115
\calc@Adimen=\dimen123
\calc@Bdimen=\dimen124
\calc@Askip=\skip54
\calc@Bskip=\skip55
LaTeX Info: Redefining \setlength on input line 80.
LaTeX Info: Redefining \addtolength on input line 81.
\calc@Ccount=\count116
\calc@Cskip=\skip56
)
LaTeX Info: Thecontrolsequence`\('isalreadyrobust on input line 129.
LaTeX Info: Thecontrolsequence`\)'isalreadyrobust on input line 129.
LaTeX Info: Thecontrolsequence`\['isalreadyrobust on input line 129.
LaTeX Info: Thecontrolsequence`\]'isalreadyrobust on input line 129.
\g_MT_multlinerow_int=\count117
\l_MT_multwidth_dim=\dimen125
\origjot=\skip57
\l_MT_shortvdotswithinadjustabove_dim=\dimen126
\l_MT_shortvdotswithinadjustbelow_dim=\dimen127
\l_MT_above_intertext_sep=\dimen128
\l_MT_below_intertext_sep=\dimen129
\l_MT_above_shortintertext_sep=\dimen130
\l_MT_below_shortintertext_sep=\dimen131
)
\l_EQ_equationtype_int=\count118
\l_EQ_alignmentmode_int=\count119
\l_EQ_totalwidth_dim=\dimen132
\l_EQ_displaywidth_dim=\dimen133
\l_EQ_temp_linewidth_dim=\dimen134
\EmphEqdelimitershortfall=\dimen135
\EmphEqdelimiterfactor=\count120
\g_EQ_toptag_height_dim=\dimen136
\g_EQ_bottomtag_depth_dim=\dimen137
\g_EQ_toprow_height_dim=\dimen138
\g_EQ_bottomrow_depth_dim=\dimen139
\g_EQ_widesttag_dim=\dimen140
\EQ_mathdisplay_box=\box30
\EQ_tag_box=\box31
\g_EQ_temprow_int=\count121
)
(/usr/share/texlive/texmf-dist/tex/latex/tools/enumerate.sty
Package: enumerate 2015/07/23 v3.00 enumerate extensions (DPC)
\@enLab=\toks35
)
(/usr/share/texlive/texmf-dist/tex/latex/enumitem/enumitem.sty
Package: enumitem 2011/09/28 v3.5.2 Customized lists
\labelindent=\skip58
\enit@outerparindent=\dimen141
\enit@toks=\toks36
\enit@inbox=\box32
\enitdp@description=\count122
)
(/usr/share/texlive/texmf-dist/tex/latex/fancyvrb/fancyvrb.sty
Package: fancyvrb 2008/02/07

Style option: `fancyvrb' v2.7a, with DG/SPQR fixes, and firstline=lastline fix 
<2008/02/07> (tvz)
\FV@CodeLineNo=\count123
\FV@InFile=\read1
\FV@TabBox=\box33
\c@FancyVerbLine=\count124
\FV@StepNumber=\count125
\FV@OutFile=\write3
)
(/usr/share/texlive/texmf-dist/tex/latex/fancyhdr/fancyhdr.sty
Package: fancyhdr 2017/06/30 v3.9a Extensive control of page headers and footer
s
\f@nch@headwidth=\skip59
\f@nch@O@elh=\skip60
\f@nch@O@erh=\skip61
\f@nch@O@olh=\skip62
\f@nch@O@orh=\skip63
\f@nch@O@elf=\skip64
\f@nch@O@erf=\skip65
\f@nch@O@olf=\skip66
\f@nch@O@orf=\skip67
)
(/usr/share/texlive/texmf-dist/tex/latex/graphics/graphics.sty
Package: graphics 2017/06/25 v1.2c Standard LaTeX Graphics (DPC,SPQR)

(/usr/share/texlive/texmf-dist/tex/latex/graphics/trig.sty
Package: trig 2016/01/03 v1.10 sin cos tan (DPC)
)
(/usr/share/texlive/texmf-dist/tex/latex/graphics-cfg/graphics.cfg
File: graphics.cfg 2016/06/04 v1.11 sample graphics configuration
)
Package graphics Info: Driver file: pdftex.def on input line 99.
)
(/usr/share/texlive/texmf-dist/tex/latex/graphics/graphicx.sty
Package: graphicx 2017/06/01 v1.1a Enhanced LaTeX Graphics (DPC,SPQR)
\Gin@req@height=\dimen142
\Gin@req@width=\dimen143
)
(/usr/share/texlive/texmf-dist/tex/latex/hyperref/hyperref.sty
Package: hyperref 2018/02/06 v6.86b Hypertext links for LaTeX

(/usr/share/texlive/texmf-dist/tex/generic/oberdiek/hobsub-hyperref.sty
Package: hobsub-hyperref 2016/05/16 v1.14 Bundle oberdiek, subset hyperref (HO)


(/usr/share/texlive/texmf-dist/tex/generic/oberdiek/hobsub-generic.sty
Package: hobsub-generic 2016/05/16 v1.14 Bundle oberdiek, subset generic (HO)
Package: hobsub 2016/05/16 v1.14 Construct package bundles (HO)
Package: infwarerr 2016/05/16 v1.4 Providing info/warning/error messages (HO)
Package: ltxcmds 2016/05/16 v1.23 LaTeX kernel commands for general use (HO)
Package: ifluatex 2016/05/16 v1.4 Provides the ifluatex switch (HO)
Package ifluatex Info: LuaTeX not detected.
Package hobsub Info: Skipping package `ifvtex' (already loaded).
Package: intcalc 2016/05/16 v1.2 Expandable calculations with integers (HO)
Package hobsub Info: Skipping package `ifpdf' (already loaded).
Package: etexcmds 2016/05/16 v1.6 Avoid name clashes with e-TeX commands (HO)
Package etexcmds Info: Could not find \expanded.
(etexcmds)             That can mean that you are not using pdfTeX 1.50 or
(etexcmds)             that some package has redefined \expanded.
(etexcmds)             In the latter case, load this package earlier.
Package: kvsetkeys 2016/05/16 v1.17 Key value parser (HO)
Package: kvdefinekeys 2016/05/16 v1.4 Define keys (HO)
Package: pdftexcmds 2018/01/21 v0.26 Utility functions of pdfTeX for LuaTeX (HO
)
Package pdftexcmds Info: LuaTeX not detected.
Package pdftexcmds Info: \pdf@primitive is available.
Package pdftexcmds Info: \pdf@ifprimitive is available.
Package pdftexcmds Info: \pdfdraftmode found.
Package: pdfescape 2016/05/16 v1.14 Implements pdfTeX's escape features (HO)
Package: bigintcalc 2016/05/16 v1.4 Expandable calculations on big integers (HO
)
Package: bitset 2016/05/16 v1.2 Handle bit-vector datatype (HO)
Package: uniquecounter 2016/05/16 v1.3 Provide unlimited unique counter (HO)
)
Package hobsub Info: Skipping package `hobsub' (already loaded).
Package: letltxmacro 2016/05/16 v1.5 Let assignment for LaTeX macros (HO)
Package: hopatch 2016/05/16 v1.3 Wrapper for package hooks (HO)
Package: xcolor-patch 2016/05/16 xcolor patch
Package: atveryend 2016/05/16 v1.9 Hooks at the very end of document (HO)
Package atveryend Info: \enddocument detected (standard20110627).
Package: atbegshi 2016/06/09 v1.18 At begin shipout hook (HO)
Package: refcount 2016/05/16 v3.5 Data extraction from label references (HO)
Package: hycolor 2016/05/16 v1.8 Color options for hyperref/bookmark (HO)
)
(/usr/share/texlive/texmf-dist/tex/latex/oberdiek/auxhook.sty
Package: auxhook 2016/05/16 v1.4 Hooks for auxiliary files (HO)
)
(/usr/share/texlive/texmf-dist/tex/latex/oberdiek/kvoptions.sty
Package: kvoptions 2016/05/16 v3.12 Key value format for package options (HO)
)
\@linkdim=\dimen144
\Hy@linkcounter=\count126
\Hy@pagecounter=\count127

(/usr/share/texlive/texmf-dist/tex/latex/hyperref/pd1enc.def
File: pd1enc.def 2018/02/06 v6.86b Hyperref: PDFDocEncoding definition (HO)
)
\Hy@SavedSpaceFactor=\count128

(/usr/share/texlive/texmf-dist/tex/latex/latexconfig/hyperref.cfg
File: hyperref.cfg 2002/06/06 v1.2 hyperref configuration of TeXLive
)
Package hyperref Info: Hyper figures OFF on input line 4509.
Package hyperref Info: Link nesting OFF on input line 4514.
Package hyperref Info: Hyper index ON on input line 4517.
Package hyperref Info: Plain pages OFF on input line 4524.
Package hyperref Info: Backreferencing OFF on input line 4529.
Package hyperref Info: Implicit mode ON; LaTeX internals redefined.
Package hyperref Info: Bookmarks ON on input line 4762.
\c@Hy@tempcnt=\count129

(/usr/share/texlive/texmf-dist/tex/latex/url/url.sty
\Urlmuskip=\muskip11
Package: url 2013/09/16  ver 3.4  Verb mode for urls, etc.
)
LaTeX Info: Redefining \url on input line 5115.
\XeTeXLinkMargin=\dimen145
\Fld@menulength=\count130
\Field@Width=\dimen146
\Fld@charsize=\dimen147
Package hyperref Info: Hyper figures OFF on input line 6369.
Package hyperref Info: Link nesting OFF on input line 6374.
Package hyperref Info: Hyper index ON on input line 6377.
Package hyperref Info: backreferencing OFF on input line 6384.
Package hyperref Info: Link coloring OFF on input line 6389.
Package hyperref Info: Link coloring with OCG OFF on input line 6394.
Package hyperref Info: PDF/A mode OFF on input line 6399.
LaTeX Info: Redefining \ref on input line 6439.
LaTeX Info: Redefining \pageref on input line 6443.
\Hy@abspage=\count131
\c@Item=\count132
\c@Hfootnote=\count133
)
Package hyperref Info: Driver (autodetected): hpdftex.

(/usr/share/texlive/texmf-dist/tex/latex/hyperref/hpdftex.def
File: hpdftex.def 2018/02/06 v6.86b Hyperref driver for pdfTeX
\Fld@listcount=\count134
\c@bookmark@seq@number=\count135

(/usr/share/texlive/texmf-dist/tex/latex/oberdiek/rerunfilecheck.sty
Package: rerunfilecheck 2016/05/16 v1.8 Rerun checks for auxiliary files (HO)
Package uniquecounter Info: New unique counter `rerunfilecheck' on input line 2
82.
)
\Hy@SectionHShift=\skip68
)
(/usr/share/texlive/texmf-dist/tex/latex/tools/indentfirst.sty
Package: indentfirst 1995/11/23 v1.03 Indent first paragraph (DPC)
)
(/usr/share/texlive/texmf-dist/tex/latex/listings/listings.sty
\lst@mode=\count136
\lst@gtempboxa=\box34
\lst@token=\toks37
\lst@length=\count137
\lst@currlwidth=\dimen148
\lst@column=\count138
\lst@pos=\count139
\lst@lostspace=\dimen149
\lst@width=\dimen150
\lst@newlines=\count140
\lst@lineno=\count141
\lst@maxwidth=\dimen151

(/usr/share/texlive/texmf-dist/tex/latex/listings/lstmisc.sty
File: lstmisc.sty 2015/06/04 1.6 (Carsten Heinz)
\c@lstnumber=\count142
\lst@skipnumbers=\count143
\lst@framebox=\box35
)
(/usr/share/texlive/texmf-dist/tex/latex/listings/listings.cfg
File: listings.cfg 2015/06/04 1.6 listings configuration
))
Package: listings 2015/06/04 1.6 (Carsten Heinz)

(/usr/share/texlive/texmf-dist/tex/latex/caption/subcaption.sty
Package: subcaption 2016/05/22 v1.1-161 Sub-captions (AR)

(/usr/share/texlive/texmf-dist/tex/latex/caption/caption.sty
Package: caption 2016/02/21 v3.3-144 Customizing captions (AR)

(/usr/share/texlive/texmf-dist/tex/latex/caption/caption3.sty
Package: caption3 2016/05/22 v1.7-166 caption3 kernel (AR)
Package caption3 Info: TeX engine: e-TeX on input line 67.
\captionmargin=\dimen152
\captionmargin@=\dimen153
\captionwidth=\dimen154
\caption@tempdima=\dimen155
\caption@indent=\dimen156
\caption@parindent=\dimen157
\caption@hangindent=\dimen158
)
\c@ContinuedFloat=\count144
Package caption Info: float package is loaded.
Package caption Info: hyperref package is loaded.
Package caption Info: listings package is loaded.
)
\c@subfigure=\count145
\c@subtable=\count146
)
(/usr/share/texlive/texmf-dist/tex/latex/setspace/setspace.sty
Package: setspace 2011/12/19 v6.7a set line spacing
)
(/usr/share/texlive/texmf-dist/tex/latex/siunitx/siunitx.sty
(/usr/share/texlive/texmf-dist/tex/latex/l3kernel/expl3.sty
Package: expl3 2018/02/21 L3 programming layer (loader) 

(/usr/share/texlive/texmf-dist/tex/latex/l3kernel/expl3-code.tex
Package: expl3 2018/02/21 L3 programming layer (code)
\c_max_int=\count147
\l_tmpa_int=\count148
\l_tmpb_int=\count149
\g_tmpa_int=\count150
\g_tmpb_int=\count151
\g__intarray_font_int=\count152
\g__prg_map_int=\count153
\c_log_iow=\count154
\l_iow_line_count_int=\count155
\l__iow_line_target_int=\count156
\l__iow_one_indent_int=\count157
\l__iow_indent_int=\count158
\c_zero_dim=\dimen159
\c_max_dim=\dimen160
\l_tmpa_dim=\dimen161
\l_tmpb_dim=\dimen162
\g_tmpa_dim=\dimen163
\g_tmpb_dim=\dimen164
\c_zero_skip=\skip69
\c_max_skip=\skip70
\l_tmpa_skip=\skip71
\l_tmpb_skip=\skip72
\g_tmpa_skip=\skip73
\g_tmpb_skip=\skip74
\c_zero_muskip=\muskip12
\c_max_muskip=\muskip13
\l_tmpa_muskip=\muskip14
\l_tmpb_muskip=\muskip15
\g_tmpa_muskip=\muskip16
\g_tmpb_muskip=\muskip17
\l_keys_choice_int=\count159
\c__fp_leading_shift_int=\count160
\c__fp_middle_shift_int=\count161
\c__fp_trailing_shift_int=\count162
\c__fp_big_leading_shift_int=\count163
\c__fp_big_middle_shift_int=\count164
\c__fp_big_trailing_shift_int=\count165
\c__fp_Bigg_leading_shift_int=\count166
\c__fp_Bigg_middle_shift_int=\count167
\c__fp_Bigg_trailing_shift_int=\count168
\c__fp_rand_size_int=\count169
\c__fp_rand_four_int=\count170
\c__fp_rand_eight_int=\count171
\l__sort_length_int=\count172
\l__sort_min_int=\count173
\l__sort_top_int=\count174
\l__sort_max_int=\count175
\l__sort_true_max_int=\count176
\l__sort_block_int=\count177
\l__sort_begin_int=\count178
\l__sort_end_int=\count179
\l__sort_A_int=\count180
\l__sort_B_int=\count181
\l__sort_C_int=\count182
\l__tl_build_start_index_int=\count183
\l__tl_build_index_int=\count184
\l__tl_analysis_normal_int=\count185
\l__tl_analysis_index_int=\count186
\l__tl_analysis_nesting_int=\count187
\l__tl_analysis_type_int=\count188
\l__regex_internal_a_int=\count189
\l__regex_internal_b_int=\count190
\l__regex_internal_c_int=\count191
\l__regex_balance_int=\count192
\l__regex_group_level_int=\count193
\l__regex_mode_int=\count194
\c__regex_cs_in_class_mode_int=\count195
\c__regex_cs_mode_int=\count196
\l__regex_catcodes_int=\count197
\l__regex_default_catcodes_int=\count198
\c__regex_catcode_D_int=\count199
\c__regex_catcode_S_int=\count266
\c__regex_catcode_L_int=\count267
\c__regex_catcode_O_int=\count268
\c__regex_catcode_A_int=\count269
\c__regex_all_catcodes_int=\count270
\l__regex_show_lines_int=\count271
\l__regex_min_state_int=\count272
\l__regex_max_state_int=\count273
\l__regex_left_state_int=\count274
\l__regex_right_state_int=\count275
\l__regex_capturing_group_int=\count276
\l__regex_min_pos_int=\count277
\l__regex_max_pos_int=\count278
\l__regex_curr_pos_int=\count279
\l__regex_start_pos_int=\count280
\l__regex_success_pos_int=\count281
\l__regex_curr_char_int=\count282
\l__regex_curr_catcode_int=\count283
\l__regex_last_char_int=\count284
\l__regex_case_changed_char_int=\count285
\l__regex_curr_state_int=\count286
\l__regex_step_int=\count287
\l__regex_min_active_int=\count288
\l__regex_max_active_int=\count289
\l__regex_replacement_csnames_int=\count290
\l__regex_match_count_int=\count291
\l__regex_min_submatch_int=\count292
\l__regex_submatch_int=\count293
\l__regex_zeroth_submatch_int=\count294
\g__regex_trace_regex_int=\count295
\c_empty_box=\box36
\l_tmpa_box=\box37
\l_tmpb_box=\box38
\g_tmpa_box=\box39
\g_tmpb_box=\box40
\l__box_top_dim=\dimen165
\l__box_bottom_dim=\dimen166
\l__box_left_dim=\dimen167
\l__box_right_dim=\dimen168
\l__box_top_new_dim=\dimen169
\l__box_bottom_new_dim=\dimen170
\l__box_left_new_dim=\dimen171
\l__box_right_new_dim=\dimen172
\l__box_internal_box=\box41
\l__coffin_internal_box=\box42
\l__coffin_internal_dim=\dimen173
\l__coffin_offset_x_dim=\dimen174
\l__coffin_offset_y_dim=\dimen175
\l__coffin_x_dim=\dimen176
\l__coffin_y_dim=\dimen177
\l__coffin_x_prime_dim=\dimen178
\l__coffin_y_prime_dim=\dimen179
\c_empty_coffin=\box43
\l__coffin_aligned_coffin=\box44
\l__coffin_aligned_internal_coffin=\box45
\l_tmpa_coffin=\box46
\l_tmpb_coffin=\box47
\l__coffin_display_coffin=\box48
\l__coffin_display_coord_coffin=\box49
\l__coffin_display_pole_coffin=\box50
\l__coffin_display_offset_dim=\dimen180
\l__coffin_display_x_dim=\dimen181
\l__coffin_display_y_dim=\dimen182
\l__coffin_bounding_shift_dim=\dimen183
\l__coffin_left_corner_dim=\dimen184
\l__coffin_right_corner_dim=\dimen185
\l__coffin_bottom_corner_dim=\dimen186
\l__coffin_top_corner_dim=\dimen187
\l__coffin_scaled_total_height_dim=\dimen188
\l__coffin_scaled_width_dim=\dimen189
)
(/usr/share/texlive/texmf-dist/tex/latex/l3kernel/l3pdfmode.def
File: l3pdfmode.def 2017/03/18 v L3 Experimental driver: PDF mode
\l__driver_color_stack_int=\count296
\l__driver_tmp_box=\box51
))
(/usr/share/texlive/texmf-dist/tex/latex/l3packages/xparse/xparse.sty
Package: xparse 2018/02/21 L3 Experimental document command parser
\l__xparse_current_arg_int=\count297
\g__xparse_grabber_int=\count298
\l__xparse_m_args_int=\count299
\l__xparse_mandatory_args_int=\count300
\l__xparse_v_nesting_int=\count301
)
Package: siunitx 2017/11/26 v2.7k A comprehensive (SI) units package

(/usr/share/texlive/texmf-dist/tex/latex/tools/array.sty
Package: array 2016/10/06 v2.4d Tabular extension package (FMi)
\col@sep=\dimen190
\extrarowheight=\dimen191
\NC@list=\toks38
\extratabsurround=\skip75
\backup@length=\skip76
)
(/usr/share/texlive/texmf-dist/tex/latex/l3packages/l3keys2e/l3keys2e.sty
Package: l3keys2e 2018/02/21 LaTeX2e option processing using LaTeX3 keys
)
\l__siunitx_tmp_box=\box52
\l__siunitx_tmp_dim=\dimen192
\l__siunitx_tmp_int=\count302
\l__siunitx_number_mantissa_length_int=\count303
\l__siunitx_number_uncert_length_int=\count304
\l__siunitx_round_int=\count305
\l__siunitx_process_decimal_int=\count306
\l__siunitx_process_uncertainty_int=\count307
\l__siunitx_process_fixed_int=\count308
\l__siunitx_process_integer_min_int=\count309
\l__siunitx_process_precision_int=\count310
\l__siunitx_group_min_int=\count311
\l__siunitx_angle_marker_box=\box53
\l__siunitx_angle_unit_box=\box54
\l__siunitx_angle_marker_dim=\dimen193
\l__siunitx_angle_unit_dim=\dimen194
\l__siunitx_unit_int=\count312
\l__siunitx_unit_denominator_int=\count313
\l__siunitx_unit_numerator_int=\count314
\l__siunitx_unit_prefix_int=\count315
\l__siunitx_unit_prefix_base_int=\count316
\l__siunitx_unit_prefix_gram_int=\count317
\l__siunitx_number_product_int=\count318
\c__siunitx_one_fill_skip=\skip77
\l__siunitx_table_unit_align_skip=\skip78
\l__siunitx_table_exponent_dim=\dimen195
\l__siunitx_table_integer_dim=\dimen196
\l__siunitx_table_mantissa_dim=\dimen197
\l__siunitx_table_marker_dim=\dimen198
\l__siunitx_table_result_dim=\dimen199
\l__siunitx_table_uncert_dim=\dimen256
\l__siunitx_table_fill_pre_dim=\dimen257
\l__siunitx_table_fill_post_dim=\dimen258
\l__siunitx_table_fill_mid_dim=\dimen259
\l__siunitx_table_pre_box=\box55
\l__siunitx_table_post_box=\box56
\l__siunitx_table_mantissa_box=\box57
\l__siunitx_table_result_box=\box58
\l__siunitx_table_number_align_skip=\skip79
\l__siunitx_table_text_align_skip=\skip80
.................................................
. LaTeX info: "xparse/define-command"
. 
. Defining command \DeclareBinaryPrefix with sig. 'mmm' on line 7250.
.................................................
.................................................
. LaTeX info: "xparse/define-command"
. 
. Defining command \DeclareSIPostPower with sig. 'mm' on line 7253.
.................................................
.................................................
. LaTeX info: "xparse/define-command"
. 
. Defining command \DeclareSIPrefix with sig. 'mmm' on line 7256.
.................................................
.................................................
. LaTeX info: "xparse/define-command"
. 
. Defining command \DeclareSIPrePower with sig. 'mm' on line 7259.
.................................................
.................................................
. LaTeX info: "xparse/define-command"
. 
. Defining command \DeclareSIQualifier with sig. 'mm' on line 7262.
.................................................
.................................................
. LaTeX info: "xparse/define-command"
. 
. Defining command \DeclareSIUnit with sig. 'O{}mm' on line 7265.
.................................................
.................................................
. LaTeX info: "xparse/define-command"
. 
. Defining command \DeclareSIUnitWithOptions with sig. 'mmm' on line 7268.
.................................................
.................................................
. LaTeX info: "xparse/define-command"
. 
. Defining command \ang with sig. 'o>{\SplitArgument {2}{;}}m' on line 7283.
.................................................
.................................................
. LaTeX info: "xparse/define-command"
. 
. Defining command \num with sig. 'om' on line 7292.
.................................................
.................................................
. LaTeX info: "xparse/define-command"
. 
. Defining command \numlist with sig. 'o>{\SplitList {;}}m' on line 7301.
.................................................
.................................................
. LaTeX info: "xparse/define-command"
. 
. Defining command \numrange with sig. 'omm' on line 7310.
.................................................
.................................................
. LaTeX info: "xparse/define-command"
. 
. Defining command \SIlist with sig. 'o>{\SplitList {;}}mm' on line 7322.
.................................................
.................................................
. LaTeX info: "xparse/define-command"
. 
. Defining command \SIrange with sig. 'ommm' on line 7334.
.................................................
.................................................
. LaTeX info: "xparse/define-command"
. 
. Defining command \SI with sig. 'omom' on line 7346.
.................................................
.................................................
. LaTeX info: "xparse/define-command"
. 
. Defining command \sisetup with sig. 'm' on line 7349.
.................................................
.................................................
. LaTeX info: "xparse/define-command"
. 
. Defining command \tablenum with sig. 'om' on line 7364.
.................................................
.................................................
. LaTeX info: "xparse/define-command"
. 
. Defining command \si with sig. 'om' on line 7376.
.................................................
.................................................
. LaTeX info: "xparse/define-command"
. 
. Defining command \numInBookmark with sig. 'om' on line 7423.
.................................................
.................................................
. LaTeX info: "xparse/define-command"
. 
. Defining command \numrangeInBookmark with sig. 'omm' on line 7425.
.................................................
.................................................
. LaTeX info: "xparse/define-command"
. 
. Defining command \SIInBookmark with sig. 'omom' on line 7427.
.................................................
.................................................
. LaTeX info: "xparse/define-command"
. 
. Defining command \SIlistInBookmark with sig. 'omm' on line 7429.
.................................................
.................................................
. LaTeX info: "xparse/define-command"
. 
. Defining command \SIrangeInBookmark with sig. 'ommm' on line 7431.
.................................................
.................................................
. LaTeX info: "xparse/define-command"
. 
. Defining command \siInBookmark with sig. 'om' on line 7432.
.................................................
\g__file_internal_ior=\read2

(/usr/share/texlive/texmf-dist/tex/latex/translator/translator.sty
Package: translator 2018/01/04 v1.12 Easy translation of strings in LaTeX
))
(/usr/share/texlive/texmf-dist/tex/latex/multirow/multirow.sty
Package: multirow 2016/11/25 v2.2 Span multiple rows of a table
\multirow@colwidth=\skip81
\multirow@cntb=\count319
\multirow@dima=\skip82
\bigstrutjot=\dimen260
)
(/usr/share/texlive/texmf-dist/tex/latex/xcolor/xcolor.sty
Package: xcolor 2016/05/11 v2.12 LaTeX color extensions (UK)

(/usr/share/texlive/texmf-dist/tex/latex/graphics-cfg/color.cfg
File: color.cfg 2016/01/02 v1.6 sample color configuration
)
Package xcolor Info: Driver file: pdftex.def on input line 225.
LaTeX Info: Redefining \color on input line 709.
Package xcolor Info: Model `cmy' substituted by `cmy0' on input line 1348.
Package xcolor Info: Model `hsb' substituted by `rgb' on input line 1352.
Package xcolor Info: Model `RGB' extended on input line 1364.
Package xcolor Info: Model `HTML' substituted by `rgb' on input line 1366.
Package xcolor Info: Model `Hsb' substituted by `hsb' on input line 1367.
Package xcolor Info: Model `tHsb' substituted by `hsb' on input line 1368.
Package xcolor Info: Model `HSB' substituted by `hsb' on input line 1369.
Package xcolor Info: Model `Gray' substituted by `gray' on input line 1370.
Package xcolor Info: Model `wave' substituted by `hsb' on input line 1371.
)
(/usr/share/texlive/texmf-dist/tex/latex/algorithm2e/algorithm2e.sty
Package: algorithm2e 2017/07/18 v5.2 algorithms environments
\c@AlgoLine=\count320

(/usr/share/texlive/texmf-dist/tex/latex/base/ifthen.sty
Package: ifthen 2014/09/29 v1.1c Standard LaTeX ifthen package (DPC)
)
\algocf@hangindent=\skip83

(/usr/share/texlive/texmf-dist/tex/latex/ifoddpage/ifoddpage.sty
Package: ifoddpage 2016/04/23 v1.1 Conditionals for odd/even page detection
\c@checkoddpage=\count321
)
(/usr/share/texlive/texmf-dist/tex/latex/tools/xspace.sty
Package: xspace 2014/10/28 v1.13 Space after command names (DPC,MH)
)
(/usr/share/texlive/texmf-dist/tex/latex/relsize/relsize.sty
Package: relsize 2013/03/29 ver 4.1
)
\skiptotal=\skip84
\skiplinenumber=\skip85
\skiprule=\skip86
\skiphlne=\skip87
\skiptext=\skip88
\skiplength=\skip89
\algomargin=\skip90
\skipalgocfslide=\skip91
\algowidth=\dimen261
\inoutsize=\dimen262
\inoutindent=\dimen263
\interspacetitleruled=\dimen264
\interspacealgoruled=\dimen265
\interspacetitleboxruled=\dimen266
\algocf@ruledwidth=\skip92
\algocf@inoutbox=\box59
\algocf@inputbox=\box60
\AlCapSkip=\skip93
\AlCapHSkip=\skip94
\algoskipindent=\skip95
\algocf@nlbox=\box61
\algocf@hangingbox=\box62
\algocf@untilbox=\box63
\algocf@skipuntil=\skip96
\algocf@capbox=\box64
\algocf@lcaptionbox=\skip97
\algoheightruledefault=\skip98
\algoheightrule=\skip99
\algotitleheightruledefault=\skip100
\algotitleheightrule=\skip101
\c@algocfline=\count322
\c@algocfproc=\count323
\c@algocf=\count324
\algocf@algoframe=\box65
\algocf@algobox=\box66
)
(/usr/share/texlive/texmf-dist/tex/latex/tools/bm.sty
Package: bm 2017/01/16 v1.2c Bold Symbol Support (DPC/FMi)
\symboldoperators=\mathgroup6
\symboldletters=\mathgroup7
\symboldsymbols=\mathgroup8
LaTeX Font Info:    Redeclaring math alphabet \mathbf on input line 141.
LaTeX Info: Redefining \bm on input line 207.
)
(/usr/share/texlive/texmf-dist/tex/latex/tocbibind/tocbibind.sty
Package: tocbibind 2010/10/13 v1.5k extra ToC listings
Package tocbibind Info: The document has section divisions on input line 50.


Package tocbibind Note: Using section or other style headings.

)
(/usr/share/texlive/texmf-dist/tex/latex/matlab-prettifier/matlab-prettifier.st
y
Package: matlab-prettifier 2014/06/19 v0.3 A package for prettyprinting Matlab 
source code
 (/usr/share/texlive/texmf-dist/tex/latex/base/textcomp.sty
Package: textcomp 2017/04/05 v2.0i Standard LaTeX package
Package textcomp Info: Sub-encoding information:
(textcomp)               5 = only ISO-Adobe without \textcurrency
(textcomp)               4 = 5 + \texteuro
(textcomp)               3 = 4 + \textohm
(textcomp)               2 = 3 + \textestimated + \textcurrency
(textcomp)               1 = TS1 - \textcircled - \t
(textcomp)               0 = TS1 (full)
(textcomp)             Font families with sub-encoding setting implement
(textcomp)             only a restricted character set as indicated.
(textcomp)             Family '?' is the default used for unknown fonts.
(textcomp)             See the documentation for details.
Package textcomp Info: Setting ? sub-encoding to TS1/1 on input line 79.

(/usr/share/texlive/texmf-dist/tex/latex/base/ts1enc.def
File: ts1enc.def 2001/06/05 v3.0e (jk/car/fm) Standard LaTeX file
)
LaTeX Info: Redefining \oldstylenums on input line 334.
Package textcomp Info: Setting cmr sub-encoding to TS1/0 on input line 349.
Package textcomp Info: Setting cmss sub-encoding to TS1/0 on input line 350.
Package textcomp Info: Setting cmtt sub-encoding to TS1/0 on input line 351.
Package textcomp Info: Setting cmvtt sub-encoding to TS1/0 on input line 352.
Package textcomp Info: Setting cmbr sub-encoding to TS1/0 on input line 353.
Package textcomp Info: Setting cmtl sub-encoding to TS1/0 on input line 354.
Package textcomp Info: Setting ccr sub-encoding to TS1/0 on input line 355.
Package textcomp Info: Setting ptm sub-encoding to TS1/4 on input line 356.
Package textcomp Info: Setting pcr sub-encoding to TS1/4 on input line 357.
Package textcomp Info: Setting phv sub-encoding to TS1/4 on input line 358.
Package textcomp Info: Setting ppl sub-encoding to TS1/3 on input line 359.
Package textcomp Info: Setting pag sub-encoding to TS1/4 on input line 360.
Package textcomp Info: Setting pbk sub-encoding to TS1/4 on input line 361.
Package textcomp Info: Setting pnc sub-encoding to TS1/4 on input line 362.
Package textcomp Info: Setting pzc sub-encoding to TS1/4 on input line 363.
Package textcomp Info: Setting bch sub-encoding to TS1/4 on input line 364.
Package textcomp Info: Setting put sub-encoding to TS1/5 on input line 365.
Package textcomp Info: Setting uag sub-encoding to TS1/5 on input line 366.
Package textcomp Info: Setting ugq sub-encoding to TS1/5 on input line 367.
Package textcomp Info: Setting ul8 sub-encoding to TS1/4 on input line 368.
Package textcomp Info: Setting ul9 sub-encoding to TS1/4 on input line 369.
Package textcomp Info: Setting augie sub-encoding to TS1/5 on input line 370.
Package textcomp Info: Setting dayrom sub-encoding to TS1/3 on input line 371.
Package textcomp Info: Setting dayroms sub-encoding to TS1/3 on input line 372.

Package textcomp Info: Setting pxr sub-encoding to TS1/0 on input line 373.
Package textcomp Info: Setting pxss sub-encoding to TS1/0 on input line 374.
Package textcomp Info: Setting pxtt sub-encoding to TS1/0 on input line 375.
Package textcomp Info: Setting txr sub-encoding to TS1/0 on input line 376.
Package textcomp Info: Setting txss sub-encoding to TS1/0 on input line 377.
Package textcomp Info: Setting txtt sub-encoding to TS1/0 on input line 378.
Package textcomp Info: Setting lmr sub-encoding to TS1/0 on input line 379.
Package textcomp Info: Setting lmdh sub-encoding to TS1/0 on input line 380.
Package textcomp Info: Setting lmss sub-encoding to TS1/0 on input line 381.
Package textcomp Info: Setting lmssq sub-encoding to TS1/0 on input line 382.
Package textcomp Info: Setting lmvtt sub-encoding to TS1/0 on input line 383.
Package textcomp Info: Setting lmtt sub-encoding to TS1/0 on input line 384.
Package textcomp Info: Setting qhv sub-encoding to TS1/0 on input line 385.
Package textcomp Info: Setting qag sub-encoding to TS1/0 on input line 386.
Package textcomp Info: Setting qbk sub-encoding to TS1/0 on input line 387.
Package textcomp Info: Setting qcr sub-encoding to TS1/0 on input line 388.
Package textcomp Info: Setting qcs sub-encoding to TS1/0 on input line 389.
Package textcomp Info: Setting qpl sub-encoding to TS1/0 on input line 390.
Package textcomp Info: Setting qtm sub-encoding to TS1/0 on input line 391.
Package textcomp Info: Setting qzc sub-encoding to TS1/0 on input line 392.
Package textcomp Info: Setting qhvc sub-encoding to TS1/0 on input line 393.
Package textcomp Info: Setting futs sub-encoding to TS1/4 on input line 394.
Package textcomp Info: Setting futx sub-encoding to TS1/4 on input line 395.
Package textcomp Info: Setting futj sub-encoding to TS1/4 on input line 396.
Package textcomp Info: Setting hlh sub-encoding to TS1/3 on input line 397.
Package textcomp Info: Setting hls sub-encoding to TS1/3 on input line 398.
Package textcomp Info: Setting hlst sub-encoding to TS1/3 on input line 399.
Package textcomp Info: Setting hlct sub-encoding to TS1/5 on input line 400.
Package textcomp Info: Setting hlx sub-encoding to TS1/5 on input line 401.
Package textcomp Info: Setting hlce sub-encoding to TS1/5 on input line 402.
Package textcomp Info: Setting hlcn sub-encoding to TS1/5 on input line 403.
Package textcomp Info: Setting hlcw sub-encoding to TS1/5 on input line 404.
Package textcomp Info: Setting hlcf sub-encoding to TS1/5 on input line 405.
Package textcomp Info: Setting pplx sub-encoding to TS1/3 on input line 406.
Package textcomp Info: Setting pplj sub-encoding to TS1/3 on input line 407.
Package textcomp Info: Setting ptmx sub-encoding to TS1/4 on input line 408.
Package textcomp Info: Setting ptmj sub-encoding to TS1/4 on input line 409.
)
\netBracketCount@mlpr=\count325
\blkLvl@mlpr=\count326
\blkLvlAtClassdef@mlpr=\count327
\emHeight@mlpr=\skip102
\jayDepth@mlpr=\skip103
\sectionRuleOffset@mlpr=\skip104
\toks@mlpr=\toks39
)
(/usr/share/texlive/texmf-dist/tex/latex/listings/lstlang1.sty
File: lstlang1.sty 2015/06/04 1.6 listings language file
)
(/usr/share/texlive/texmf-dist/tex/latex/listings/lstlang2.sty
File: lstlang2.sty 2015/06/04 1.6 listings language file
)
(/usr/share/texlive/texmf-dist/tex/latex/listings/lstlang3.sty
File: lstlang3.sty 2015/06/04 1.6 listings language file
)
(./Rapport_ML_projet.aux)
\openout1 = `Rapport_ML_projet.aux'.

LaTeX Font Info:    Checking defaults for OML/cmm/m/it on input line 69.
LaTeX Font Info:    ... okay on input line 69.
LaTeX Font Info:    Checking defaults for T1/cmr/m/n on input line 69.
LaTeX Font Info:    ... okay on input line 69.
LaTeX Font Info:    Checking defaults for OT1/cmr/m/n on input line 69.
LaTeX Font Info:    ... okay on input line 69.
LaTeX Font Info:    Checking defaults for OMS/cmsy/m/n on input line 69.
LaTeX Font Info:    ... okay on input line 69.
LaTeX Font Info:    Checking defaults for OMX/cmex/m/n on input line 69.
LaTeX Font Info:    ... okay on input line 69.
LaTeX Font Info:    Checking defaults for U/cmr/m/n on input line 69.
LaTeX Font Info:    ... okay on input line 69.
LaTeX Font Info:    Checking defaults for PD1/pdf/m/n on input line 69.
LaTeX Font Info:    ... okay on input line 69.
LaTeX Font Info:    Checking defaults for TS1/cmr/m/n on input line 69.
LaTeX Font Info:    Try loading font information for TS1+cmr on input line 69.

(/usr/share/texlive/texmf-dist/tex/latex/base/ts1cmr.fd
File: ts1cmr.fd 2014/09/29 v2.5h Standard LaTeX font definitions
)
LaTeX Font Info:    ... okay on input line 69.
LaTeX Info: Redefining \degres on input line 69.
LaTeX Info: Redefining \dots on input line 69.
Package french.ldf Info: Setting StandardItemizeEnv=true for
(french.ldf)             compatibility with enumitem package,
(french.ldf)             reported on input line 69.
Package french.ldf Info: Setting StandardEnumerateEnv=true for
(french.ldf)             compatibility with enumitem package,
(french.ldf)             reported on input line 69.
LaTeX Info: Redefining \up on input line 69.

(/usr/share/texlive/texmf-dist/tex/latex/ucs/ucsencs.def
File: ucsencs.def 2011/01/21 Fixes to fontencodings LGR, T3
)
*geometry* driver: auto-detecting
*geometry* detected driver: pdftex
*geometry* verbose mode - [ preamble ] result:
* driver: pdftex
* paper: a4paper
* layout: <same size as paper>
* layoutoffset:(h,v)=(0.0pt,0.0pt)
* modes: 
* h-part:(L,W,R)=(85.35826pt, 426.79135pt, 85.35826pt)
* v-part:(T,H,B)=(85.35826pt, 702.78308pt, 56.9055pt)
* \paperwidth=597.50787pt
* \paperheight=845.04684pt
* \textwidth=426.79135pt
* \textheight=702.78308pt
* \oddsidemargin=13.08827pt
* \evensidemargin=13.08827pt
* \topmargin=-23.91173pt
* \headheight=12.0pt
* \headsep=25.0pt
* \topskip=10.0pt
* \footskip=30.0pt
* \marginparwidth=49.79231pt
* \marginparsep=11.0pt
* \columnsep=10.0pt
* \skip\footins=9.0pt plus 4.0pt minus 2.0pt
* \hoffset=0.0pt
* \voffset=0.0pt
* \mag=1000
* \@twocolumnfalse
* \@twosidefalse
* \@mparswitchfalse
* \@reversemarginfalse
* (1in=72.27pt=25.4mm, 1cm=28.453pt)

(/usr/share/texlive/texmf-dist/tex/context/base/mkii/supp-pdf.mkii
[Loading MPS to PDF converter (version 2006.09.02).]
\scratchcounter=\count328
\scratchdimen=\dimen267
\scratchbox=\box67
\nofMPsegments=\count329
\nofMParguments=\count330
\everyMPshowfont=\toks40
\MPscratchCnt=\count331
\MPscratchDim=\dimen268
\MPnumerator=\count332
\makeMPintoPDFobject=\count333
\everyMPtoPDFconversion=\toks41
) (/usr/share/texlive/texmf-dist/tex/latex/oberdiek/epstopdf-base.sty
Package: epstopdf-base 2016/05/15 v2.6 Base part for package epstopdf

(/usr/share/texlive/texmf-dist/tex/latex/oberdiek/grfext.sty
Package: grfext 2016/05/16 v1.2 Manage graphics extensions (HO)
)
Package epstopdf-base Info: Redefining graphics rule for `.eps' on input line 4
38.
Package grfext Info: Graphics extension search list:
(grfext)             [.pdf,.png,.jpg,.mps,.jpeg,.jbig2,.jb2,.PDF,.PNG,.JPG,.JPE
G,.JBIG2,.JB2,.eps]
(grfext)             \AppendGraphicsExtensions on input line 456.

(/usr/share/texlive/texmf-dist/tex/latex/latexconfig/epstopdf-sys.cfg
File: epstopdf-sys.cfg 2010/07/13 v1.3 Configuration of (r)epstopdf for TeX Liv
e
))
\AtBeginShipoutBox=\box68
Package hyperref Info: Link coloring OFF on input line 69.

(/usr/share/texlive/texmf-dist/tex/latex/hyperref/nameref.sty
Package: nameref 2016/05/21 v2.44 Cross-referencing by name of section

(/usr/share/texlive/texmf-dist/tex/generic/oberdiek/gettitlestring.sty
Package: gettitlestring 2016/05/16 v1.5 Cleanup title references (HO)
)
\c@section@level=\count334
)
LaTeX Info: Redefining \ref on input line 69.
LaTeX Info: Redefining \pageref on input line 69.
LaTeX Info: Redefining \nameref on input line 69.

(./Rapport_ML_projet.out) (./Rapport_ML_projet.out)
\@outlinefile=\write4
\openout4 = `Rapport_ML_projet.out'.

\c@lstlisting=\count335
Package caption Info: Begin \AtBeginDocument code.
Package caption Info: End \AtBeginDocument code.

(/usr/share/texlive/texmf-dist/tex/latex/translator/translator-basic-dictionary
-English.dict
Dictionary: translator-basic-dictionary, Language: English 
)
(/usr/share/texlive/texmf-dist/tex/latex/siunitx/siunitx-abbreviations.cfg
File: siunitx-abbreviations.cfg 2017/11/26 v2.7k siunitx: Abbreviated units
)
\c__siunitx_mathsf_int=\count336
LaTeX Font Info:    Try loading font information for U+msa on input line 69.

(/usr/share/texlive/texmf-dist/tex/latex/amsfonts/umsa.fd
File: umsa.fd 2013/01/14 v3.01 AMS symbols A
)
LaTeX Font Info:    Try loading font information for U+msb on input line 69.

(/usr/share/texlive/texmf-dist/tex/latex/amsfonts/umsb.fd
File: umsb.fd 2013/01/14 v3.01 AMS symbols B
)
\c__siunitx_mathtt_int=\count337
<./Figures/cs.png, id=56, 866.23625pt x 446.66875pt>
File: ./Figures/cs.png Graphic file (type png)
<use ./Figures/cs.png>
Package pdftex.def Info: ./Figures/cs.png  used on input line 78.
(pdftex.def)             Requested size: 113.81102pt x 58.68237pt.

(/usr/share/texlive/texmf-dist/tex/latex/ucs/data/uni-0.def
File: uni-0.def 2013/05/13 UCS: Unicode data U+0000..U+00FF
)
LaTeX Font Info:    Try loading font information for T1+cmtt on input line 89.

(/usr/share/texlive/texmf-dist/tex/latex/base/t1cmtt.fd
File: t1cmtt.fd 2014/09/29 v2.5h Standard LaTeX font definitions
) [1

{/var/lib/texmf/fonts/map/pdftex/updmap/pdftex.map} <./Figures/cs.png>] (./Rapp
ort_ML_projet.toc)
\tf@toc=\write5
\openout5 = `Rapport_ML_projet.toc'.

pdfTeX warning (ext4): destination with the same identifier (name{page.1}) has 
been already used, duplicate ignored
<to be read again> 
                   \relax 
l.97 \newpage
              [1]
<./Figures/EEG1_1.png, id=99, 471.26062pt x 254.45062pt>
File: ./Figures/EEG1_1.png Graphic file (type png)
<use ./Figures/EEG1_1.png>
Package pdftex.def Info: ./Figures/EEG1_1.png  used on input line 113.
(pdftex.def)             Requested size: 96.02739pt x 51.84822pt.
<./Figures/EEG1_2.png, id=100, 471.26062pt x 254.45062pt>
File: ./Figures/EEG1_2.png Graphic file (type png)
<use ./Figures/EEG1_2.png>
Package pdftex.def Info: ./Figures/EEG1_2.png  used on input line 114.
(pdftex.def)             Requested size: 96.02739pt x 51.84822pt.
<./Figures/EEG1_3.png, id=101, 471.26062pt x 254.45062pt>
File: ./Figures/EEG1_3.png Graphic file (type png)
<use ./Figures/EEG1_3.png>
Package pdftex.def Info: ./Figures/EEG1_3.png  used on input line 115.
(pdftex.def)             Requested size: 96.02739pt x 51.84822pt.
<./Figures/EEG1_4.png, id=102, 471.26062pt x 254.45062pt>
File: ./Figures/EEG1_4.png Graphic file (type png)
<use ./Figures/EEG1_4.png>
Package pdftex.def Info: ./Figures/EEG1_4.png  used on input line 116.
(pdftex.def)             Requested size: 96.02739pt x 51.84822pt.
<./Figures/EEG1_5.png, id=103, 471.26062pt x 254.45062pt>
File: ./Figures/EEG1_5.png Graphic file (type png)
<use ./Figures/EEG1_5.png>
Package pdftex.def Info: ./Figures/EEG1_5.png  used on input line 117.
(pdftex.def)             Requested size: 96.02739pt x 51.84822pt.
<./Figures/EEG2_1.png, id=104, 471.26062pt x 254.45062pt>
File: ./Figures/EEG2_1.png Graphic file (type png)
<use ./Figures/EEG2_1.png>
Package pdftex.def Info: ./Figures/EEG2_1.png  used on input line 122.
(pdftex.def)             Requested size: 96.02739pt x 51.84822pt.
<./Figures/EEG2_2.png, id=105, 471.26062pt x 254.45062pt>
File: ./Figures/EEG2_2.png Graphic file (type png)
<use ./Figures/EEG2_2.png>
Package pdftex.def Info: ./Figures/EEG2_2.png  used on input line 123.
(pdftex.def)             Requested size: 96.02739pt x 51.84822pt.
<./Figures/EEG2_3.png, id=106, 471.26062pt x 254.45062pt>
File: ./Figures/EEG2_3.png Graphic file (type png)
<use ./Figures/EEG2_3.png>
Package pdftex.def Info: ./Figures/EEG2_3.png  used on input line 124.
(pdftex.def)             Requested size: 96.02739pt x 51.84822pt.
<./Figures/EEG2_4.png, id=107, 471.26062pt x 254.45062pt>
File: ./Figures/EEG2_4.png Graphic file (type png)
<use ./Figures/EEG2_4.png>
Package pdftex.def Info: ./Figures/EEG2_4.png  used on input line 125.
(pdftex.def)             Requested size: 96.02739pt x 51.84822pt.
<./Figures/EEG2_5.png, id=108, 471.26062pt x 254.45062pt>
File: ./Figures/EEG2_5.png Graphic file (type png)
<use ./Figures/EEG2_5.png>
Package pdftex.def Info: ./Figures/EEG2_5.png  used on input line 126.
(pdftex.def)             Requested size: 96.02739pt x 51.84822pt.
<./Figures/EEG3_1.png, id=109, 471.26062pt x 254.45062pt>
File: ./Figures/EEG3_1.png Graphic file (type png)
<use ./Figures/EEG3_1.png>
Package pdftex.def Info: ./Figures/EEG3_1.png  used on input line 131.
(pdftex.def)             Requested size: 96.02739pt x 51.84822pt.
<./Figures/EEG3_2.png, id=110, 471.26062pt x 254.45062pt>
File: ./Figures/EEG3_2.png Graphic file (type png)
<use ./Figures/EEG3_2.png>
Package pdftex.def Info: ./Figures/EEG3_2.png  used on input line 132.
(pdftex.def)             Requested size: 96.02739pt x 51.84822pt.
<./Figures/EEG3_3.png, id=111, 471.26062pt x 254.45062pt>
File: ./Figures/EEG3_3.png Graphic file (type png)
<use ./Figures/EEG3_3.png>
Package pdftex.def Info: ./Figures/EEG3_3.png  used on input line 133.
(pdftex.def)             Requested size: 96.02739pt x 51.84822pt.
<./Figures/EEG3_4.png, id=112, 471.26062pt x 254.45062pt>
File: ./Figures/EEG3_4.png Graphic file (type png)
<use ./Figures/EEG3_4.png>
Package pdftex.def Info: ./Figures/EEG3_4.png  used on input line 134.
(pdftex.def)             Requested size: 96.02739pt x 51.84822pt.
<./Figures/EEG3_5.png, id=113, 471.26062pt x 254.45062pt>
File: ./Figures/EEG3_5.png Graphic file (type png)
<use ./Figures/EEG3_5.png>
Package pdftex.def Info: ./Figures/EEG3_5.png  used on input line 135.
(pdftex.def)             Requested size: 96.02739pt x 51.84822pt.
<./Figures/EEG4_1.png, id=114, 471.26062pt x 254.45062pt>
File: ./Figures/EEG4_1.png Graphic file (type png)
<use ./Figures/EEG4_1.png>
Package pdftex.def Info: ./Figures/EEG4_1.png  used on input line 140.
(pdftex.def)             Requested size: 96.02739pt x 51.84822pt.
<./Figures/EEG4_2.png, id=115, 471.26062pt x 254.45062pt>
File: ./Figures/EEG4_2.png Graphic file (type png)
<use ./Figures/EEG4_2.png>
Package pdftex.def Info: ./Figures/EEG4_2.png  used on input line 141.
(pdftex.def)             Requested size: 96.02739pt x 51.84822pt.
<./Figures/EEG4_3.png, id=116, 471.26062pt x 254.45062pt>
File: ./Figures/EEG4_3.png Graphic file (type png)
<use ./Figures/EEG4_3.png>
Package pdftex.def Info: ./Figures/EEG4_3.png  used on input line 142.
(pdftex.def)             Requested size: 96.02739pt x 51.84822pt.
<./Figures/EEG4_4.png, id=117, 471.26062pt x 254.45062pt>
File: ./Figures/EEG4_4.png Graphic file (type png)
<use ./Figures/EEG4_4.png>
Package pdftex.def Info: ./Figures/EEG4_4.png  used on input line 143.
(pdftex.def)             Requested size: 96.02739pt x 51.84822pt.
<./Figures/EEG4_5.png, id=118, 471.26062pt x 254.45062pt>
File: ./Figures/EEG4_5.png Graphic file (type png)
<use ./Figures/EEG4_5.png>
Package pdftex.def Info: ./Figures/EEG4_5.png  used on input line 144.
(pdftex.def)             Requested size: 96.02739pt x 51.84822pt.
<./Figures/EEG5_1.png, id=119, 471.26062pt x 254.45062pt>
File: ./Figures/EEG5_1.png Graphic file (type png)
<use ./Figures/EEG5_1.png>
Package pdftex.def Info: ./Figures/EEG5_1.png  used on input line 149.
(pdftex.def)             Requested size: 96.02739pt x 51.84822pt.
<./Figures/EEG5_2.png, id=120, 471.26062pt x 254.45062pt>
File: ./Figures/EEG5_2.png Graphic file (type png)
<use ./Figures/EEG5_2.png>
Package pdftex.def Info: ./Figures/EEG5_2.png  used on input line 150.
(pdftex.def)             Requested size: 96.02739pt x 51.84822pt.
<./Figures/EEG5_3.png, id=121, 471.26062pt x 254.45062pt>
File: ./Figures/EEG5_3.png Graphic file (type png)
<use ./Figures/EEG5_3.png>
Package pdftex.def Info: ./Figures/EEG5_3.png  used on input line 151.
(pdftex.def)             Requested size: 96.02739pt x 51.84822pt.
<./Figures/EEG5_4.png, id=122, 471.26062pt x 254.45062pt>
File: ./Figures/EEG5_4.png Graphic file (type png)
<use ./Figures/EEG5_4.png>
Package pdftex.def Info: ./Figures/EEG5_4.png  used on input line 152.
(pdftex.def)             Requested size: 96.02739pt x 51.84822pt.
<./Figures/EEG5_5.png, id=123, 471.26062pt x 254.45062pt>
File: ./Figures/EEG5_5.png Graphic file (type png)
<use ./Figures/EEG5_5.png>
Package pdftex.def Info: ./Figures/EEG5_5.png  used on input line 153.
(pdftex.def)             Requested size: 96.02739pt x 51.84822pt.
<./Figures/EEG6_1.png, id=124, 471.26062pt x 254.45062pt>
File: ./Figures/EEG6_1.png Graphic file (type png)
<use ./Figures/EEG6_1.png>
Package pdftex.def Info: ./Figures/EEG6_1.png  used on input line 158.
(pdftex.def)             Requested size: 96.02739pt x 51.84822pt.
<./Figures/EEG6_2.png, id=125, 471.26062pt x 254.45062pt>
File: ./Figures/EEG6_2.png Graphic file (type png)
<use ./Figures/EEG6_2.png>
Package pdftex.def Info: ./Figures/EEG6_2.png  used on input line 159.
(pdftex.def)             Requested size: 96.02739pt x 51.84822pt.
<./Figures/EEG6_3.png, id=126, 471.26062pt x 254.45062pt>
File: ./Figures/EEG6_3.png Graphic file (type png)
<use ./Figures/EEG6_3.png>
Package pdftex.def Info: ./Figures/EEG6_3.png  used on input line 160.
(pdftex.def)             Requested size: 96.02739pt x 51.84822pt.
<./Figures/EEG6_4.png, id=127, 471.26062pt x 254.45062pt>
File: ./Figures/EEG6_4.png Graphic file (type png)
<use ./Figures/EEG6_4.png>
Package pdftex.def Info: ./Figures/EEG6_4.png  used on input line 161.
(pdftex.def)             Requested size: 96.02739pt x 51.84822pt.
<./Figures/EEG6_5.png, id=128, 471.26062pt x 254.45062pt>
File: ./Figures/EEG6_5.png Graphic file (type png)
<use ./Figures/EEG6_5.png>
Package pdftex.def Info: ./Figures/EEG6_5.png  used on input line 162.
(pdftex.def)             Requested size: 96.02739pt x 51.84822pt.
<./Figures/EEG7_1.png, id=129, 471.26062pt x 254.45062pt>
File: ./Figures/EEG7_1.png Graphic file (type png)
<use ./Figures/EEG7_1.png>
Package pdftex.def Info: ./Figures/EEG7_1.png  used on input line 167.
(pdftex.def)             Requested size: 96.02739pt x 51.84822pt.
<./Figures/EEG7_2.png, id=130, 471.26062pt x 254.45062pt>
File: ./Figures/EEG7_2.png Graphic file (type png)
<use ./Figures/EEG7_2.png>
Package pdftex.def Info: ./Figures/EEG7_2.png  used on input line 168.
(pdftex.def)             Requested size: 96.02739pt x 51.84822pt.
<./Figures/EEG7_3.png, id=131, 471.26062pt x 254.45062pt>
File: ./Figures/EEG7_3.png Graphic file (type png)
<use ./Figures/EEG7_3.png>
Package pdftex.def Info: ./Figures/EEG7_3.png  used on input line 169.
(pdftex.def)             Requested size: 96.02739pt x 51.84822pt.
<./Figures/EEG7_4.png, id=132, 471.26062pt x 254.45062pt>
File: ./Figures/EEG7_4.png Graphic file (type png)
<use ./Figures/EEG7_4.png>
Package pdftex.def Info: ./Figures/EEG7_4.png  used on input line 170.
(pdftex.def)             Requested size: 96.02739pt x 51.84822pt.
<./Figures/EEG7_5.png, id=133, 471.26062pt x 254.45062pt>
File: ./Figures/EEG7_5.png Graphic file (type png)
<use ./Figures/EEG7_5.png>
Package pdftex.def Info: ./Figures/EEG7_5.png  used on input line 171.
(pdftex.def)             Requested size: 96.02739pt x 51.84822pt.

Overfull \hbox (2.22168pt too wide) in paragraph at lines 111--174
[]$[]$ $[]$
 []


Overfull \hbox (2.22168pt too wide) in paragraph at lines 111--174
[]$ $[]$
 []


Overfull \hbox (2.22168pt too wide) in paragraph at lines 111--174
[]$ $[]$
 []


LaTeX Warning: Float too large for page by 20.39557pt on input line 176.

<./Figures/X_1.png, id=134, 471.26062pt x 254.45062pt>
File: ./Figures/X_1.png Graphic file (type png)
<use ./Figures/X_1.png>
Package pdftex.def Info: ./Figures/X_1.png  used on input line 181.
(pdftex.def)             Requested size: 96.02739pt x 51.84822pt.
<./Figures/X_2.png, id=135, 471.26062pt x 254.45062pt>
File: ./Figures/X_2.png Graphic file (type png)
<use ./Figures/X_2.png>
Package pdftex.def Info: ./Figures/X_2.png  used on input line 182.
(pdftex.def)             Requested size: 96.02739pt x 51.84822pt.
<./Figures/X_3.png, id=136, 471.26062pt x 254.45062pt>
File: ./Figures/X_3.png Graphic file (type png)
<use ./Figures/X_3.png>
Package pdftex.def Info: ./Figures/X_3.png  used on input line 183.
(pdftex.def)             Requested size: 96.02739pt x 51.84822pt.
<./Figures/X_4.png, id=137, 471.26062pt x 254.45062pt>
File: ./Figures/X_4.png Graphic file (type png)
<use ./Figures/X_4.png>
Package pdftex.def Info: ./Figures/X_4.png  used on input line 184.
(pdftex.def)             Requested size: 96.02739pt x 51.84822pt.
<./Figures/X_5.png, id=138, 471.26062pt x 254.45062pt>
File: ./Figures/X_5.png Graphic file (type png)
<use ./Figures/X_5.png>
Package pdftex.def Info: ./Figures/X_5.png  used on input line 185.
(pdftex.def)             Requested size: 96.02739pt x 51.84822pt.
<./Figures/Y_1.png, id=139, 471.26062pt x 254.45062pt>
File: ./Figures/Y_1.png Graphic file (type png)
<use ./Figures/Y_1.png>
Package pdftex.def Info: ./Figures/Y_1.png  used on input line 190.
(pdftex.def)             Requested size: 96.02739pt x 51.84822pt.
<./Figures/Y_2.png, id=140, 471.26062pt x 254.45062pt>
File: ./Figures/Y_2.png Graphic file (type png)
<use ./Figures/Y_2.png>
Package pdftex.def Info: ./Figures/Y_2.png  used on input line 191.
(pdftex.def)             Requested size: 96.02739pt x 51.84822pt.
<./Figures/Y_3.png, id=141, 471.26062pt x 254.45062pt>
File: ./Figures/Y_3.png Graphic file (type png)
<use ./Figures/Y_3.png>
Package pdftex.def Info: ./Figures/Y_3.png  used on input line 192.
(pdftex.def)             Requested size: 96.02739pt x 51.84822pt.
<./Figures/Y_4.png, id=142, 471.26062pt x 254.45062pt>
File: ./Figures/Y_4.png Graphic file (type png)
<use ./Figures/Y_4.png>
Package pdftex.def Info: ./Figures/Y_4.png  used on input line 193.
(pdftex.def)             Requested size: 96.02739pt x 51.84822pt.
<./Figures/Y_5.png, id=143, 471.26062pt x 254.45062pt>
File: ./Figures/Y_5.png Graphic file (type png)
<use ./Figures/Y_5.png>
Package pdftex.def Info: ./Figures/Y_5.png  used on input line 194.
(pdftex.def)             Requested size: 96.02739pt x 51.84822pt.
<./Figures/Z_1.png, id=144, 471.26062pt x 254.45062pt>
File: ./Figures/Z_1.png Graphic file (type png)
<use ./Figures/Z_1.png>
Package pdftex.def Info: ./Figures/Z_1.png  used on input line 199.
(pdftex.def)             Requested size: 96.02739pt x 51.84822pt.
<./Figures/Z_2.png, id=145, 471.26062pt x 254.45062pt>
File: ./Figures/Z_2.png Graphic file (type png)
<use ./Figures/Z_2.png>
Package pdftex.def Info: ./Figures/Z_2.png  used on input line 200.
(pdftex.def)             Requested size: 96.02739pt x 51.84822pt.
<./Figures/Z_3.png, id=146, 471.26062pt x 254.45062pt>
File: ./Figures/Z_3.png Graphic file (type png)
<use ./Figures/Z_3.png>
Package pdftex.def Info: ./Figures/Z_3.png  used on input line 201.
(pdftex.def)             Requested size: 96.02739pt x 51.84822pt.
<./Figures/Z_4.png, id=147, 471.26062pt x 254.45062pt>
File: ./Figures/Z_4.png Graphic file (type png)
<use ./Figures/Z_4.png>
Package pdftex.def Info: ./Figures/Z_4.png  used on input line 202.
(pdftex.def)             Requested size: 96.02739pt x 51.84822pt.
<./Figures/Z_5.png, id=148, 471.26062pt x 254.45062pt>
File: ./Figures/Z_5.png Graphic file (type png)
<use ./Figures/Z_5.png>
Package pdftex.def Info: ./Figures/Z_5.png  used on input line 203.
(pdftex.def)             Requested size: 96.02739pt x 51.84822pt.
<./Figures/pulse_1.png, id=149, 471.26062pt x 254.45062pt>
File: ./Figures/pulse_1.png Graphic file (type png)
<use ./Figures/pulse_1.png>
Package pdftex.def Info: ./Figures/pulse_1.png  used on input line 208.
(pdftex.def)             Requested size: 96.02739pt x 51.84822pt.
<./Figures/pulse_2.png, id=150, 471.26062pt x 254.45062pt>
File: ./Figures/pulse_2.png Graphic file (type png)
<use ./Figures/pulse_2.png>
Package pdftex.def Info: ./Figures/pulse_2.png  used on input line 209.
(pdftex.def)             Requested size: 96.02739pt x 51.84822pt.
<./Figures/pulse_3.png, id=151, 471.26062pt x 254.45062pt>
File: ./Figures/pulse_3.png Graphic file (type png)
<use ./Figures/pulse_3.png>
Package pdftex.def Info: ./Figures/pulse_3.png  used on input line 210.
(pdftex.def)             Requested size: 96.02739pt x 51.84822pt.
<./Figures/pulse_4.png, id=152, 471.26062pt x 254.45062pt>
File: ./Figures/pulse_4.png Graphic file (type png)
<use ./Figures/pulse_4.png>
Package pdftex.def Info: ./Figures/pulse_4.png  used on input line 211.
(pdftex.def)             Requested size: 96.02739pt x 51.84822pt.
<./Figures/pulse_5.png, id=153, 471.26062pt x 254.45062pt>
File: ./Figures/pulse_5.png Graphic file (type png)
<use ./Figures/pulse_5.png>
Package pdftex.def Info: ./Figures/pulse_5.png  used on input line 212.
(pdftex.def)             Requested size: 96.02739pt x 51.84822pt.

Overfull \hbox (2.22168pt too wide) in paragraph at lines 179--215
[]$[]$ $[]$
 []


Overfull \hbox (2.22168pt too wide) in paragraph at lines 179--215
[]$ $[]$ 
 []


LaTeX Warning: `!h' float specifier changed to `!ht'.

[2] [3 <./Figures/EEG1_1.png (PNG copy)> <./Figures/EEG1_2.png (PNG copy)> <./F
igures/EEG1_3.png (PNG copy)> <./Figures/EEG1_4.png (PNG copy)> <./Figures/EEG1
_5.png (PNG copy)> <./Figures/EEG2_1.png (PNG copy)> <./Figures/EEG2_2.png (PNG
 copy)> <./Figures/EEG2_3.png (PNG copy)> <./Figures/EEG2_4.png (PNG copy)> <./
Figures/EEG2_5.png (PNG copy)> <./Figures/EEG3_1.png (PNG copy)> <./Figures/EEG
3_2.png (PNG copy)> <./Figures/EEG3_3.png (PNG copy)> <./Figures/EEG3_4.png (PN
G copy)> <./Figures/EEG3_5.png (PNG copy)> <./Figures/EEG4_1.png (PNG copy)> <.
/Figures/EEG4_2.png (PNG copy)> <./Figures/EEG4_3.png (PNG copy)> <./Figures/EE
G4_4.png (PNG copy)> <./Figures/EEG4_5.png (PNG copy)> <./Figures/EEG5_1.png (P
NG copy)> <./Figures/EEG5_2.png (PNG copy)> <./Figures/EEG5_3.png (PNG copy)> <
./Figures/EEG5_4.png (PNG copy)> <./Figures/EEG5_5.png (PNG copy)> <./Figures/E
EG6_1.png (PNG copy)> <./Figures/EEG6_2.png (PNG copy)> <./Figures/EEG6_3.png (
PNG copy)> <./Figures/EEG6_4.png (PNG copy)> <./Figures/EEG6_5.png (PNG copy)> 
<./Figures/EEG7_1.png (PNG copy)> <./Figures/EEG7_2.png (PNG copy)> <./Figures/
EEG7_3.png (PNG copy)> <./Figures/EEG7_4.png (PNG copy)> <./Figures/EEG7_5.png 
(PNG copy)>] [4 <./Figures/X_1.png (PNG copy)> <./Figures/X_2.png (PNG copy)> <
./Figures/X_3.png (PNG copy)> <./Figures/X_4.png (PNG copy)> <./Figures/X_5.png
 (PNG copy)> <./Figures/Y_1.png (PNG copy)> <./Figures/Y_2.png (PNG copy)> <./F
igures/Y_3.png (PNG copy)> <./Figures/Y_4.png (PNG copy)> <./Figures/Y_5.png (P
NG copy)> <./Figures/Z_1.png (PNG copy)> <./Figures/Z_2.png (PNG copy)> <./Figu
res/Z_3.png (PNG copy)> <./Figures/Z_4.png (PNG copy)> <./Figures/Z_5.png (PNG 
copy)> <./Figures/pulse_1.png (PNG copy)> <./Figures/pulse_2.png (PNG copy)> <.
/Figures/pulse_3.png (PNG copy)> <./Figures/pulse_4.png (PNG copy)> <./Figures/
pulse_5.png (PNG copy)>]
<./Figures/signal.png, id=188, 471.26062pt x 284.56313pt>
File: ./Figures/signal.png Graphic file (type png)
<use ./Figures/signal.png>
Package pdftex.def Info: ./Figures/signal.png  used on input line 278.
(pdftex.def)             Requested size: 170.71393pt x 103.08092pt.
<./Figures/welch.png, id=189, 471.26062pt x 284.56313pt>
File: ./Figures/welch.png Graphic file (type png)
<use ./Figures/welch.png>
Package pdftex.def Info: ./Figures/welch.png  used on input line 279.
(pdftex.def)             Requested size: 170.71393pt x 103.08092pt.

(/usr/share/texlive/texmf-dist/tex/latex/ucs/data/uni-32.def
File: uni-32.def 2013/05/13 UCS: Unicode data U+2000..U+20FF
) [5 <./Figures/signal.png> <./Figures/welch.png (PNG copy)>]
(/usr/share/texlive/texmf-dist/tex/latex/ucs/data/uni-1.def
File: uni-1.def 2013/05/13 UCS: Unicode data U+0100..U+01FF
)
Overfull \hbox (30.39633pt too wide) detected at line 343
[][] 
 []


LaTeX Warning: `!h' float specifier changed to `!ht'.

[6]
<./Figures/erreur.png, id=232, 471.26062pt x 284.56313pt>
File: ./Figures/erreur.png Graphic file (type png)
<use ./Figures/erreur.png>
Package pdftex.def Info: ./Figures/erreur.png  used on input line 381.
(pdftex.def)             Requested size: 341.43437pt x 206.17055pt.


LaTeX Warning: `!h' float specifier changed to `!ht'.

[7] [8 <./Figures/erreur.png (PNG copy)>]
Package atveryend Info: Empty hook `BeforeClearDocument' on input line 450.
 [9

]
Package atveryend Info: Empty hook `AfterLastShipout' on input line 450.
 (./Rapport_ML_projet.aux)
Package atveryend Info: Executing hook `AtVeryEndDocument' on input line 450.
Package atveryend Info: Executing hook `AtEndAfterFileList' on input line 450.
Package rerunfilecheck Info: File `Rapport_ML_projet.out' has not changed.
(rerunfilecheck)             Checksum: 6A66801F0206727D99A2A77618C296C7;859.
Package atveryend Info: Empty hook `AtVeryVeryEnd' on input line 450.
 ) 
Here is how much of TeX's memory you used:
 26663 strings out of 492982
 476682 string characters out of 6134895
 589721 words of memory out of 5000000
 29827 multiletter control sequences out of 15000+600000
 546814 words of font info for 60 fonts, out of 8000000 for 9000
 1141 hyphenation exceptions out of 8191
 42i,12n,43p,10394b,905s stack positions out of 5000i,500n,10000p,200000b,80000s
{/usr/share/texmf/fonts/enc/dvips/cm-super/cm-super-t1.enc}</usr/share/texliv
e/texmf-dist/fonts/type1/public/amsfonts/cm/cmex10.pfb></usr/share/texlive/texm
f-dist/fonts/type1/public/amsfonts/cm/cmmi10.pfb></usr/share/texlive/texmf-dist
/fonts/type1/public/amsfonts/cm/cmmi7.pfb></usr/share/texlive/texmf-dist/fonts/
type1/public/amsfonts/cm/cmr10.pfb></usr/share/texlive/texmf-dist/fonts/type1/p
ublic/amsfonts/cm/cmr7.pfb></usr/share/texlive/texmf-dist/fonts/type1/public/am
sfonts/cm/cmsy10.pfb></usr/share/texmf/fonts/type1/public/cm-super/sfbi1000.pfb
></usr/share/texmf/fonts/type1/public/cm-super/sfbi1200.pfb></usr/share/texmf/f
onts/type1/public/cm-super/sfbx1000.pfb></usr/share/texmf/fonts/type1/public/cm
-super/sfbx1200.pfb></usr/share/texmf/fonts/type1/public/cm-super/sfbx1440.pfb>
</usr/share/texmf/fonts/type1/public/cm-super/sfbx2488.pfb></usr/share/texmf/fo
nts/type1/public/cm-super/sfcc1000.pfb></usr/share/texmf/fonts/type1/public/cm-
super/sfcc1440.pfb></usr/share/texmf/fonts/type1/public/cm-super/sfrm0900.pfb><
/usr/share/texmf/fonts/type1/public/cm-super/sfrm1000.pfb></usr/share/texmf/fon
ts/type1/public/cm-super/sfrm1200.pfb></usr/share/texmf/fonts/type1/public/cm-s
uper/sfrm1440.pfb></usr/share/texmf/fonts/type1/public/cm-super/sfrm1728.pfb></
usr/share/texmf/fonts/type1/public/cm-super/sfti1000.pfb></usr/share/texmf/font
s/type1/public/cm-super/sftt1000.pfb>
Output written on Rapport_ML_projet.pdf (10 pages, 2924968 bytes).
PDF statistics:
 340 PDF objects out of 1000 (max. 8388607)
 244 compressed objects within 3 object streams
 48 named destinations out of 1000 (max. 500000)
 400 words of extra memory for PDF output out of 10000 (max. 10000000)

